<?xml version="1.0" encoding="UTF-8"?>
<!-- Generated by org.testng.reporters.JUnitReportReporter -->
<testsuite hostname="Darling" failures="0" tests="7" name="TestNG.TestNG_Priority" time="0.043" errors="0" timestamp="2023-08-31T11:30:03 IST" skipped="0">
  <testcase classname="TestNG.TestNG_Priority" name="demo2" time="0.017"/>
  <system-out/>
  <testcase classname="TestNG.TestNG_Priority" name="demo2" time="0.003"/>
  <system-out/>
  <testcase classname="TestNG.TestNG_Priority" name="demo1" time="0.003"/>
  <system-out/>
  <testcase classname="TestNG.TestNG_Priority" name="demo1" time="0.008"/>
  <system-out/>
  <testcase classname="TestNG.TestNG_Priority" name="demo1" time="0.002"/>
  <system-out/>
  <testcase classname="TestNG.TestNG_Priority" name="demo1" time="0.004"/>
  <system-out/>
  <testcase classname="TestNG.TestNG_Priority" name="demo1" time="0.006"/>
  <system-out/>
</testsuite> <!-- TestNG.TestNG_Priority -->
