<?xml version="1.0" encoding="UTF-8"?>
<!-- Generated by org.testng.reporters.JUnitReportReporter -->
<testsuite hostname="Darling" failures="0" tests="1" name="Testng_Fail_Purpose.Fail_Purpose" time="15.127" errors="0" timestamp="2023-09-02T11:04:49 IST" skipped="0">
  <testcase classname="Testng_Fail_Purpose.Fail_Purpose" name="Amazon" time="15.127"/>
  <system-out/>
</testsuite> <!-- Testng_Fail_Purpose.Fail_Purpose -->
