<?xml version="1.0" encoding="UTF-8"?>
<!-- Generated by org.testng.reporters.JUnitReportReporter -->
<testsuite hostname="Darling" failures="0" tests="1" name="TestNG_Groups.TestGroup2" time="0.018" errors="0" timestamp="2023-09-01T10:27:45 IST" skipped="0">
  <testcase classname="TestNG_Groups.TestGroup2" name="demo1" time="0.018"/>
  <system-out/>
</testsuite> <!-- TestNG_Groups.TestGroup2 -->
