<?xml version="1.0" encoding="UTF-8"?>
<!-- Generated by org.testng.reporters.JUnitReportReporter -->
<testsuite hostname="Darling" failures="0" tests="1" name="TestNG.Facebook" time="12.819" errors="0" timestamp="2023-09-01T10:52:24 IST" skipped="0">
  <testcase classname="TestNG.Facebook" name="fb" time="12.819"/>
  <system-out/>
</testsuite> <!-- TestNG.Facebook -->
