<?xml version="1.0" encoding="UTF-8"?>
<!-- Generated by org.testng.reporters.JUnitReportReporter -->
<testsuite hostname="Darling" failures="0" tests="6" name="Annotation.Annotations" time="49.860" errors="0" timestamp="2023-09-01T13:03:49 IST" skipped="0">
  <testcase classname="Annotation.Annotations" name="Azlogin" time="13.285"/>
  <system-out/>
  <testcase classname="Annotation.Annotations" name="fblogin" time="7.317"/>
  <system-out/>
  <testcase classname="Annotation.Annotations" name="fblogin" time="7.360"/>
  <system-out/>
  <testcase classname="Annotation.Annotations" name="fblogin" time="7.496"/>
  <system-out/>
  <testcase classname="Annotation.Annotations" name="fblogin" time="6.934"/>
  <system-out/>
  <testcase classname="Annotation.Annotations" name="fblogin" time="7.468"/>
  <system-out/>
</testsuite> <!-- Annotation.Annotations -->
