<?xml version="1.0" encoding="UTF-8"?>
<!-- Generated by org.testng.reporters.JUnitReportReporter -->
<testsuite hostname="Darling" failures="0" tests="1" name="TestNG.AmazonLogin" time="14.592" errors="0" timestamp="2023-09-02T11:04:49 IST" skipped="0">
  <testcase classname="TestNG.AmazonLogin" name="Amazon" time="14.592"/>
  <system-out/>
</testsuite> <!-- TestNG.AmazonLogin -->
