<?xml version="1.0" encoding="UTF-8"?>
<!-- Generated by org.testng.reporters.JUnitReportReporter -->
<testsuite hostname="Darling" failures="0" tests="1" name="TestNG_Groups.GroupTest" time="0.004" errors="0" timestamp="2023-09-01T10:27:45 IST" skipped="0">
  <testcase classname="TestNG_Groups.GroupTest" name="demo1" time="0.004"/>
  <system-out/>
</testsuite> <!-- TestNG_Groups.GroupTest -->
